<?xml version="1.0" encoding="UTF-8"?>
<!-- Generated by org.testng.reporters.JUnitReportReporter -->
<testsuite hostname="HARI" failures="0" tests="6" name="com.simpletestng.GroupMethod" time="0.010" errors="0" timestamp="2024-05-03T22:02:25 IST" skipped="0">
  <testcase classname="com.simpletestng.GroupMethod" name="second" time="0.001"/>
  <system-out/>
  <testcase classname="com.simpletestng.GroupMethod" name="fivth" time="0.001"/>
  <system-out/>
  <testcase classname="com.simpletestng.GroupMethod" name="Third" time="0.003"/>
  <system-out/>
  <testcase classname="com.simpletestng.GroupMethod" name="fourth" time="0.002"/>
  <system-out/>
  <testcase classname="com.simpletestng.GroupMethod" name="sixth" time="0.001"/>
  <system-out/>
  <testcase classname="com.simpletestng.GroupMethod" name="one" time="0.002"/>
  <system-out/>
</testsuite> <!-- com.simpletestng.GroupMethod -->
