<?xml version="1.0" encoding="UTF-8"?>
<!-- Generated by org.testng.reporters.JUnitReportReporter -->
<testsuite hostname="HARI" failures="0" tests="1" name="com.simpletestng.parametermethod" time="7.643" errors="0" timestamp="2024-05-03T00:33:20 IST" skipped="0">
  <testcase classname="com.simpletestng.parametermethod" name="signup" time="7.643"/>
  <system-out/>
</testsuite> <!-- com.simpletestng.parametermethod -->
