<?xml version="1.0" encoding="UTF-8"?>
<!-- Generated by org.testng.reporters.JUnitReportReporter -->
<testsuite hostname="HARI" failures="0" tests="1" name="com.simpletestng.ParallelMethod" time="3.199" errors="0" timestamp="2024-05-03T22:02:25 IST" skipped="0">
  <testcase classname="com.simpletestng.ParallelMethod" name="url" time="3.199"/>
  <system-out/>
</testsuite> <!-- com.simpletestng.ParallelMethod -->
